Build started 2014-10-24 20:00:08.
     1>Project "C:\Users\MrLukashem\Documents\GitHub\Bombmistrz\Bombmistrz\Bombmistrz.vcxproj" on node 2 (Build target(s)).
     1>ClCompile:
         C:\Program Files (x86)\Microsoft Visual Studio 12.0\VC\bin\CL.exe /c /IC:\Users\MrLukashem\Documents\GitHub\Bombmistrz\Bombmistrz\sfml\include /ZI /nologo /W3 /WX- /sdl /Od /Oy- /D _MBCS /Gm /EHsc /RTC1 /MDd /GS /fp:precise /Zc:wchar_t /Zc:forScope /Fo"Debug\\" /Fd"Debug\vc120.pdb" /Gd /TP /analyze- /errorReport:prompt Player.cpp PlayerManager.cpp main.cpp
         Player.cpp
     1>c:\users\mrlukashem\documents\github\bombmistrz\bombmistrz\player.cpp(10): warning C4244: '=' : conversion from 'double' to 'float', possible loss of data
     1>c:\users\mrlukashem\documents\github\bombmistrz\bombmistrz\player.cpp(36): warning C4244: '=' : conversion from 'float' to 'clock_t', possible loss of data
     1>c:\users\mrlukashem\documents\github\bombmistrz\bombmistrz\player.cpp(42): warning C4244: '=' : conversion from 'float' to 'clock_t', possible loss of data
     1>c:\users\mrlukashem\documents\github\bombmistrz\bombmistrz\player.cpp(49): warning C4244: '=' : conversion from 'float' to 'clock_t', possible loss of data
     1>c:\users\mrlukashem\documents\github\bombmistrz\bombmistrz\player.cpp(55): warning C4244: '=' : conversion from 'float' to 'clock_t', possible loss of data
         Generating Code...
         Skipping... (no relevant changes detected)
         main.cpp
         PlayerManager.cpp
       Link:
         C:\Program Files (x86)\Microsoft Visual Studio 12.0\VC\bin\link.exe /ERRORREPORT:PROMPT /OUT:"C:\Users\MrLukashem\Documents\GitHub\Bombmistrz\Debug\Bombmistrz.exe" /INCREMENTAL /NOLOGO /LIBPATH:C:\Users\MrLukashem\Documents\GitHub\Bombmistrz\Bombmistrz\sfml\lib opengl32.lib glew32.lib "sfml-graphics.lib" "sfml-window.lib" "sfml-system.lib" kernel32.lib user32.lib gdi32.lib winspool.lib comdlg32.lib advapi32.lib shell32.lib ole32.lib oleaut32.lib uuid.lib odbc32.lib odbccp32.lib /MANIFEST /MANIFESTUAC:"level='asInvoker' uiAccess='false'" /manifest:embed /DEBUG /PDB:"C:\Users\MrLukashem\Documents\GitHub\Bombmistrz\Debug\Bombmistrz.pdb" /TLBID:1 /DYNAMICBASE /NXCOMPAT /IMPLIB:"C:\Users\MrLukashem\Documents\GitHub\Bombmistrz\Debug\Bombmistrz.lib" /MACHINE:X86 Debug\Game.obj
         Debug\main.obj
         Debug\Player.obj
         Debug\PlayerManager.obj
         Bombmistrz.vcxproj -> C:\Users\MrLukashem\Documents\GitHub\Bombmistrz\Debug\Bombmistrz.exe
     1>Done Building Project "C:\Users\MrLukashem\Documents\GitHub\Bombmistrz\Bombmistrz\Bombmistrz.vcxproj" (Build target(s)).

Build succeeded.

Time Elapsed 00:00:01.35
